Started GET "/" for ::1 at 2019-05-08 09:20:46 -0400
Processing by KeyboardDemosController#demo1 as HTML
  Rendering keyboard_demos/demo1.html.erb within layouts/application
  Rendered keyboard_demos/demo1.html.erb within layouts/application (3.4ms)
Completed 200 OK in 3611ms (Views: 3593.5ms | ActiveRecord: 0.0ms)


Started GET "/" for ::1 at 2019-05-08 09:34:13 -0400
Processing by KeyboardDemosController#demo1 as HTML
  Rendering keyboard_demos/demo1.html.erb within layouts/application
  Rendered keyboard_demos/demo1.html.erb within layouts/application (2.6ms)
Completed 200 OK in 930ms (Views: 905.7ms | ActiveRecord: 0.0ms)


Started GET "/" for ::1 at 2019-05-08 09:35:11 -0400
Processing by KeyboardDemosController#demo1 as HTML
  Rendering keyboard_demos/demo1.html.erb within layouts/application
  Rendered keyboard_demos/demo1.html.erb within layouts/application (2.0ms)
Completed 200 OK in 907ms (Views: 880.5ms | ActiveRecord: 0.0ms)


Started GET "/" for ::1 at 2019-05-08 09:36:33 -0400
Processing by KeyboardDemosController#demo1 as HTML
  Rendering keyboard_demos/demo1.html.erb within layouts/application
  Rendered keyboard_demos/demo1.html.erb within layouts/application (16.9ms)
Completed 200 OK in 916ms (Views: 894.2ms | ActiveRecord: 0.0ms)


Started GET "/" for ::1 at 2019-05-08 09:37:35 -0400
Processing by KeyboardDemosController#demo1 as HTML
  Rendering keyboard_demos/demo1.html.erb within layouts/application
  Rendered keyboard_demos/demo1.html.erb within layouts/application (3.5ms)
Completed 200 OK in 977ms (Views: 950.6ms | ActiveRecord: 0.0ms)


Started GET "/" for ::1 at 2019-05-08 09:40:14 -0400
Processing by KeyboardDemosController#demo1 as HTML
  Rendering keyboard_demos/demo1.html.erb within layouts/application
  Rendered keyboard_demos/demo1.html.erb within layouts/application (1.6ms)
Completed 200 OK in 83ms (Views: 79.8ms | ActiveRecord: 0.0ms)


Started GET "/" for ::1 at 2019-05-08 09:42:03 -0400
Processing by KeyboardDemosController#demo1 as HTML
  Rendering keyboard_demos/demo1.html.erb within layouts/application
  Rendered keyboard_demos/demo1.html.erb within layouts/application (4.1ms)
Completed 200 OK in 921ms (Views: 893.0ms | ActiveRecord: 0.0ms)


Started GET "/" for ::1 at 2019-05-08 09:48:23 -0400
Processing by KeyboardDemosController#demo1 as HTML
  Rendering keyboard_demos/demo1.html.erb within layouts/application
  Rendered keyboard_demos/demo1.html.erb within layouts/application (2.7ms)
Completed 200 OK in 909ms (Views: 886.5ms | ActiveRecord: 0.0ms)


Started GET "/" for ::1 at 2019-05-08 10:11:40 -0400
Processing by KeyboardDemosController#demo1 as HTML
  Rendering keyboard_demos/demo1.html.erb within layouts/application
  Rendered keyboard_demos/demo1.html.erb within layouts/application (0.8ms)
Completed 200 OK in 208ms (Views: 206.0ms | ActiveRecord: 0.0ms)


Started GET "/" for ::1 at 2019-05-08 10:22:19 -0400
Processing by KeyboardDemosController#demo1 as HTML
  Rendering keyboard_demos/demo1.html.erb within layouts/application
  Rendered keyboard_demos/demo1.html.erb within layouts/application (5.1ms)
Completed 200 OK in 69ms (Views: 61.9ms | ActiveRecord: 0.0ms)


Started GET "/" for ::1 at 2019-05-08 10:27:25 -0400
Processing by KeyboardDemosController#demo1 as HTML
  Rendering keyboard_demos/demo1.html.erb within layouts/application
  Rendered keyboard_demos/demo1.html.erb within layouts/application (1.0ms)
Completed 200 OK in 103ms (Views: 99.1ms | ActiveRecord: 0.0ms)


Started GET "/" for ::1 at 2019-05-08 10:28:16 -0400
Processing by KeyboardDemosController#demo1 as HTML
  Rendering keyboard_demos/demo1.html.erb within layouts/application
  Rendered keyboard_demos/demo1.html.erb within layouts/application (2.6ms)
Completed 200 OK in 115ms (Views: 107.5ms | ActiveRecord: 0.0ms)


Started GET "/" for ::1 at 2019-05-08 10:29:10 -0400
Processing by KeyboardDemosController#demo1 as HTML
  Rendering keyboard_demos/demo1.html.erb within layouts/application
  Rendered keyboard_demos/demo1.html.erb within layouts/application (3.7ms)
Completed 200 OK in 157ms (Views: 140.7ms | ActiveRecord: 0.0ms)


Started GET "/" for ::1 at 2019-05-08 10:46:47 -0400
Processing by KeyboardDemosController#demo1 as HTML
  Rendering keyboard_demos/demo1.html.erb within layouts/application
  Rendered keyboard_demos/demo1.html.erb within layouts/application (2.2ms)
Completed 200 OK in 69ms (Views: 67.1ms | ActiveRecord: 0.0ms)


Started GET "/" for ::1 at 2019-05-08 10:48:09 -0400
Processing by KeyboardDemosController#demo1 as HTML
  Rendering keyboard_demos/demo1.html.erb within layouts/application
  Rendered keyboard_demos/demo1.html.erb within layouts/application (0.6ms)
Completed 200 OK in 179ms (Views: 176.6ms | ActiveRecord: 0.0ms)


Started GET "/" for ::1 at 2019-05-08 11:04:50 -0400
Processing by KeyboardDemosController#demo1 as HTML
  Rendering keyboard_demos/demo1.html.erb within layouts/application
  Rendered keyboard_demos/demo1.html.erb within layouts/application (2.5ms)
Completed 200 OK in 151ms (Views: 146.7ms | ActiveRecord: 0.0ms)


Started GET "/" for ::1 at 2019-05-08 11:10:35 -0400
Processing by KeyboardDemosController#demo1 as HTML
  Rendering keyboard_demos/demo1.html.erb within layouts/application
  Rendered keyboard_demos/demo1.html.erb within layouts/application (1.2ms)
Completed 200 OK in 144ms (Views: 136.9ms | ActiveRecord: 0.0ms)


Started GET "/" for ::1 at 2019-05-08 11:10:47 -0400
Processing by KeyboardDemosController#demo1 as HTML
  Rendering keyboard_demos/demo1.html.erb within layouts/application
  Rendered keyboard_demos/demo1.html.erb within layouts/application (1.0ms)
Completed 200 OK in 72ms (Views: 69.4ms | ActiveRecord: 0.0ms)


Started GET "/" for ::1 at 2019-05-08 11:21:06 -0400
Processing by KeyboardDemosController#demo1 as HTML
  Rendering keyboard_demos/demo1.html.erb within layouts/application
  Rendered keyboard_demos/demo1.html.erb within layouts/application (0.9ms)
Completed 200 OK in 334ms (Views: 327.9ms | ActiveRecord: 0.0ms)


Started GET "/" for ::1 at 2019-05-08 11:21:10 -0400
Processing by KeyboardDemosController#demo1 as HTML
  Rendering keyboard_demos/demo1.html.erb within layouts/application
  Rendered keyboard_demos/demo1.html.erb within layouts/application (1.0ms)
Completed 200 OK in 112ms (Views: 94.6ms | ActiveRecord: 0.0ms)


Started GET "/" for ::1 at 2019-05-08 11:22:24 -0400
Processing by KeyboardDemosController#demo1 as HTML
  Rendering keyboard_demos/demo1.html.erb within layouts/application
  Rendered keyboard_demos/demo1.html.erb within layouts/application (1.1ms)
Completed 200 OK in 207ms (Views: 202.5ms | ActiveRecord: 0.0ms)


Started GET "/" for ::1 at 2019-05-08 11:23:17 -0400
Processing by KeyboardDemosController#demo1 as HTML
  Rendering keyboard_demos/demo1.html.erb within layouts/application
  Rendered keyboard_demos/demo1.html.erb within layouts/application (0.8ms)
Completed 200 OK in 200ms (Views: 197.6ms | ActiveRecord: 0.0ms)


Started GET "/" for ::1 at 2019-05-08 11:24:12 -0400
Processing by KeyboardDemosController#demo1 as HTML
  Rendering keyboard_demos/demo1.html.erb within layouts/application
  Rendered keyboard_demos/demo1.html.erb within layouts/application (0.7ms)
Completed 200 OK in 254ms (Views: 250.8ms | ActiveRecord: 0.0ms)


Started GET "/" for ::1 at 2019-05-08 11:25:16 -0400
Processing by KeyboardDemosController#demo1 as HTML
  Rendering keyboard_demos/demo1.html.erb within layouts/application
  Rendered keyboard_demos/demo1.html.erb within layouts/application (0.9ms)
Completed 200 OK in 202ms (Views: 200.0ms | ActiveRecord: 0.0ms)


Started GET "/" for ::1 at 2019-05-08 11:25:32 -0400
Processing by KeyboardDemosController#demo1 as HTML
  Rendering keyboard_demos/demo1.html.erb within layouts/application
  Rendered keyboard_demos/demo1.html.erb within layouts/application (1.1ms)
Completed 200 OK in 222ms (Views: 220.0ms | ActiveRecord: 0.0ms)


Started GET "/" for ::1 at 2019-05-08 11:26:08 -0400
Processing by KeyboardDemosController#demo1 as HTML
  Rendering keyboard_demos/demo1.html.erb within layouts/application
  Rendered keyboard_demos/demo1.html.erb within layouts/application (0.8ms)
Completed 200 OK in 220ms (Views: 217.3ms | ActiveRecord: 0.0ms)


Started GET "/" for ::1 at 2019-05-08 11:27:23 -0400
Processing by KeyboardDemosController#demo1 as HTML
  Rendering keyboard_demos/demo1.html.erb within layouts/application
  Rendered keyboard_demos/demo1.html.erb within layouts/application (0.7ms)
Completed 200 OK in 233ms (Views: 230.2ms | ActiveRecord: 0.0ms)


Started GET "/" for ::1 at 2019-05-08 11:29:20 -0400
Processing by KeyboardDemosController#demo1 as HTML
  Rendering keyboard_demos/demo1.html.erb within layouts/application
  Rendered keyboard_demos/demo1.html.erb within layouts/application (0.7ms)
Completed 200 OK in 259ms (Views: 255.8ms | ActiveRecord: 0.0ms)


Started GET "/" for ::1 at 2019-05-08 11:30:10 -0400
Processing by KeyboardDemosController#demo1 as HTML
  Rendering keyboard_demos/demo1.html.erb within layouts/application
  Rendered keyboard_demos/demo1.html.erb within layouts/application (1.8ms)
Completed 200 OK in 340ms (Views: 334.9ms | ActiveRecord: 0.0ms)


Started GET "/" for ::1 at 2019-05-08 11:32:44 -0400
Processing by KeyboardDemosController#demo1 as HTML
  Rendering keyboard_demos/demo1.html.erb within layouts/application
  Rendered keyboard_demos/demo1.html.erb within layouts/application (1.4ms)
Completed 200 OK in 94ms (Views: 91.5ms | ActiveRecord: 0.0ms)


Started GET "/" for ::1 at 2019-05-08 11:32:59 -0400
Processing by KeyboardDemosController#demo1 as HTML
  Rendering keyboard_demos/demo1.html.erb within layouts/application
  Rendered keyboard_demos/demo1.html.erb within layouts/application (1.1ms)
Completed 200 OK in 168ms (Views: 164.7ms | ActiveRecord: 0.0ms)


